\BOOKMARK [0][]{chapter*.2}{Introduzione}{}% 1
\BOOKMARK [0][]{chapter.1}{Struttura}{}% 2
\BOOKMARK [1][]{section.1.1}{ROS}{chapter.1}% 3
\BOOKMARK [1][]{section.1.2}{Robot Mobili e-Puck}{chapter.1}% 4
\BOOKMARK [2][]{subsection.1.2.1}{Sensori}{section.1.2}% 5
\BOOKMARK [2][]{subsection.1.2.2}{Ruote}{section.1.2}% 6
\BOOKMARK [2][]{subsection.1.2.3}{Controllore}{section.1.2}% 7
\BOOKMARK [2][]{subsection.1.2.4}{Connessioni}{section.1.2}% 8
\BOOKMARK [1][]{section.1.3}{Arena}{chapter.1}% 9
\BOOKMARK [0][]{chapter.2}{Controllo dei Robot}{}% 10
\BOOKMARK [1][]{section.2.1}{Comunicazione}{chapter.2}% 11
\BOOKMARK [1][]{section.2.2}{Modellizzazione}{chapter.2}% 12
\BOOKMARK [1][]{section.2.3}{Accorgimenti}{chapter.2}% 13
\BOOKMARK [0][]{chapter.3}{Odometria}{}% 14
\BOOKMARK [1][]{section.3.1}{Calibrazione della fotocamera}{chapter.3}% 15
\BOOKMARK [1][]{section.3.2}{Software di riconoscimento: ArUco}{chapter.3}% 16
\BOOKMARK [2][]{subsection.3.2.1}{Markers}{section.3.2}% 17
\BOOKMARK [2][]{subsection.3.2.2}{Boards}{section.3.2}% 18
\BOOKMARK [1][]{section.3.3}{Compatibilit\340 con ROS}{chapter.3}% 19
\BOOKMARK [2][]{subsection.3.3.1}{TF}{section.3.3}% 20
\BOOKMARK [0][]{chapter.4}{Controllo in Formazione e Teleoperazione}{}% 21
\BOOKMARK [1][]{section.4.1}{Formazione}{chapter.4}% 22
\BOOKMARK [1][]{section.4.2}{Teleoperazione}{chapter.4}% 23
\BOOKMARK [0][]{appendix.Alph1}{Manuale Tecnico}{}% 24
\BOOKMARK [1][]{section.Alph1.1}{Setup}{appendix.Alph1}% 25
\BOOKMARK [1][]{section.Alph1.2}{Troubleshooting}{appendix.Alph1}% 26
\BOOKMARK [0][]{section.Alph1.2}{Bibliografia}{}% 27
